find_executable: checking for pg_config... -------------------- yes

--------------------

find_header: checking for libpq-fe.h... -------------------- yes

"gcc -o conftest -I/opt/ruby-2.2.4/include/ruby-2.2.0/x86_64-linux -I/opt/ruby-2.2.4/include/ruby-2.2.0/ruby/backward -I/opt/ruby-2.2.4/include/ruby-2.2.0 -I. -I/usr/local/pgsql/include     -O3 -fno-fast-math -ggdb3 -Wall -Wextra -Wno-unused-parameter -Wno-parentheses -Wno-long-long -Wno-missing-field-initializers -Wunused-variable -Wpointer-arith -Wwrite-strings -Wdeclaration-after-statement -Wimplicit-function-declaration -Wdeprecated-declarations -Wno-packed-bitfield-compat  -fPIC conftest.c  -L/usr/local/pgsql/lib -Wl,-R/usr/local/pgsql/lib -L. -L/opt/ruby-2.2.4/lib -Wl,-R/opt/ruby-2.2.4/lib -L. -fstack-protector -rdynamic -Wl,-export-dynamic     -Wl,-R/opt/ruby-2.2.4/lib -L/opt/ruby-2.2.4/lib -lruby  -lpthread -lrt -lgmp -ldl -lcrypt -lm   -lc"
checked program was:
/* begin */
1: #include "ruby.h"
2: 
3: int main(int argc, char **argv)
4: {
5:   return 0;
6: }
/* end */

"gcc -E -I/opt/ruby-2.2.4/include/ruby-2.2.0/x86_64-linux -I/opt/ruby-2.2.4/include/ruby-2.2.0/ruby/backward -I/opt/ruby-2.2.4/include/ruby-2.2.0 -I. -I/usr/local/pgsql/include     -O3 -fno-fast-math -ggdb3 -Wall -Wextra -Wno-unused-parameter -Wno-parentheses -Wno-long-long -Wno-missing-field-initializers -Wunused-variable -Wpointer-arith -Wwrite-strings -Wdeclaration-after-statement -Wimplicit-function-declaration -Wdeprecated-declarations -Wno-packed-bitfield-compat  -fPIC  conftest.c -o conftest.i"
checked program was:
/* begin */
1: #include "ruby.h"
2: 
3: #include <libpq-fe.h>
/* end */

--------------------

find_header: checking for libpq/libpq-fs.h... -------------------- yes

"gcc -E -I/opt/ruby-2.2.4/include/ruby-2.2.0/x86_64-linux -I/opt/ruby-2.2.4/include/ruby-2.2.0/ruby/backward -I/opt/ruby-2.2.4/include/ruby-2.2.0 -I. -I/usr/local/pgsql/include     -O3 -fno-fast-math -ggdb3 -Wall -Wextra -Wno-unused-parameter -Wno-parentheses -Wno-long-long -Wno-missing-field-initializers -Wunused-variable -Wpointer-arith -Wwrite-strings -Wdeclaration-after-statement -Wimplicit-function-declaration -Wdeprecated-declarations -Wno-packed-bitfield-compat  -fPIC  conftest.c -o conftest.i"
checked program was:
/* begin */
1: #include "ruby.h"
2: 
3: #include <libpq/libpq-fs.h>
/* end */

--------------------

find_header: checking for pg_config_manual.h... -------------------- yes

"gcc -E -I/opt/ruby-2.2.4/include/ruby-2.2.0/x86_64-linux -I/opt/ruby-2.2.4/include/ruby-2.2.0/ruby/backward -I/opt/ruby-2.2.4/include/ruby-2.2.0 -I. -I/usr/local/pgsql/include     -O3 -fno-fast-math -ggdb3 -Wall -Wextra -Wno-unused-parameter -Wno-parentheses -Wno-long-long -Wno-missing-field-initializers -Wunused-variable -Wpointer-arith -Wwrite-strings -Wdeclaration-after-statement -Wimplicit-function-declaration -Wdeprecated-declarations -Wno-packed-bitfield-compat  -fPIC  conftest.c -o conftest.i"
checked program was:
/* begin */
1: #include "ruby.h"
2: 
3: #include <pg_config_manual.h>
/* end */

--------------------

have_library: checking for PQconnectdb() in -lpq... -------------------- yes

"gcc -o conftest -I/opt/ruby-2.2.4/include/ruby-2.2.0/x86_64-linux -I/opt/ruby-2.2.4/include/ruby-2.2.0/ruby/backward -I/opt/ruby-2.2.4/include/ruby-2.2.0 -I. -I/usr/local/pgsql/include     -O3 -fno-fast-math -ggdb3 -Wall -Wextra -Wno-unused-parameter -Wno-parentheses -Wno-long-long -Wno-missing-field-initializers -Wunused-variable -Wpointer-arith -Wwrite-strings -Wdeclaration-after-statement -Wimplicit-function-declaration -Wdeprecated-declarations -Wno-packed-bitfield-compat  -fPIC conftest.c  -L/usr/local/pgsql/lib -Wl,-R/usr/local/pgsql/lib -L. -L/opt/ruby-2.2.4/lib -Wl,-R/opt/ruby-2.2.4/lib -L. -fstack-protector -rdynamic -Wl,-export-dynamic     -Wl,-R/opt/ruby-2.2.4/lib -L/opt/ruby-2.2.4/lib -lruby -lpq  -lpthread -lrt -lgmp -ldl -lcrypt -lm   -lc"
checked program was:
/* begin */
 1: #include "ruby.h"
 2: 
 3: #include <libpq-fe.h>
 4: 
 5: /*top*/
 6: extern int t(void);
 7: int main(int argc, char **argv)
 8: {
 9:   if (argc > 1000000) {
10:     printf("%p", &t);
11:   }
12: 
13:   return 0;
14: }
15: int t(void) { void ((*volatile p)()); p = (void ((*)()))PQconnectdb; return 0; }
/* end */

--------------------

have_func: checking for PQsetSingleRowMode()... -------------------- yes

"gcc -o conftest -I/opt/ruby-2.2.4/include/ruby-2.2.0/x86_64-linux -I/opt/ruby-2.2.4/include/ruby-2.2.0/ruby/backward -I/opt/ruby-2.2.4/include/ruby-2.2.0 -I. -I/usr/local/pgsql/include     -O3 -fno-fast-math -ggdb3 -Wall -Wextra -Wno-unused-parameter -Wno-parentheses -Wno-long-long -Wno-missing-field-initializers -Wunused-variable -Wpointer-arith -Wwrite-strings -Wdeclaration-after-statement -Wimplicit-function-declaration -Wdeprecated-declarations -Wno-packed-bitfield-compat  -fPIC conftest.c  -L/usr/local/pgsql/lib -Wl,-R/usr/local/pgsql/lib -L. -L/opt/ruby-2.2.4/lib -Wl,-R/opt/ruby-2.2.4/lib -L. -fstack-protector -rdynamic -Wl,-export-dynamic    -lpq  -Wl,-R/opt/ruby-2.2.4/lib -L/opt/ruby-2.2.4/lib -lruby -lpq  -lpthread -lrt -lgmp -ldl -lcrypt -lm   -lc"
conftest.c: In function ‘t’:
conftest.c:13: error: ‘PQsetSingleRowMode’ undeclared (first use in this function)
conftest.c:13: error: (Each undeclared identifier is reported only once
conftest.c:13: error: for each function it appears in.)
checked program was:
/* begin */
 1: #include "ruby.h"
 2: 
 3: /*top*/
 4: extern int t(void);
 5: int main(int argc, char **argv)
 6: {
 7:   if (argc > 1000000) {
 8:     printf("%p", &t);
 9:   }
10: 
11:   return 0;
12: }
13: int t(void) { void ((*volatile p)()); p = (void ((*)()))PQsetSingleRowMode; return 0; }
/* end */

"gcc -o conftest -I/opt/ruby-2.2.4/include/ruby-2.2.0/x86_64-linux -I/opt/ruby-2.2.4/include/ruby-2.2.0/ruby/backward -I/opt/ruby-2.2.4/include/ruby-2.2.0 -I. -I/usr/local/pgsql/include     -O3 -fno-fast-math -ggdb3 -Wall -Wextra -Wno-unused-parameter -Wno-parentheses -Wno-long-long -Wno-missing-field-initializers -Wunused-variable -Wpointer-arith -Wwrite-strings -Wdeclaration-after-statement -Wimplicit-function-declaration -Wdeprecated-declarations -Wno-packed-bitfield-compat  -fPIC conftest.c  -L/usr/local/pgsql/lib -Wl,-R/usr/local/pgsql/lib -L. -L/opt/ruby-2.2.4/lib -Wl,-R/opt/ruby-2.2.4/lib -L. -fstack-protector -rdynamic -Wl,-export-dynamic    -lpq  -Wl,-R/opt/ruby-2.2.4/lib -L/opt/ruby-2.2.4/lib -lruby -lpq  -lpthread -lrt -lgmp -ldl -lcrypt -lm   -lc"
conftest.c: In function ‘t’:
conftest.c:13: warning: implicit declaration of function ‘PQsetSingleRowMode’
checked program was:
/* begin */
 1: #include "ruby.h"
 2: 
 3: /*top*/
 4: extern int t(void);
 5: int main(int argc, char **argv)
 6: {
 7:   if (argc > 1000000) {
 8:     printf("%p", &t);
 9:   }
10: 
11:   return 0;
12: }
13: int t(void) { PQsetSingleRowMode(); return 0; }
/* end */

--------------------

have_func: checking for PQconninfo()... -------------------- yes

"gcc -o conftest -I/opt/ruby-2.2.4/include/ruby-2.2.0/x86_64-linux -I/opt/ruby-2.2.4/include/ruby-2.2.0/ruby/backward -I/opt/ruby-2.2.4/include/ruby-2.2.0 -I. -I/usr/local/pgsql/include     -O3 -fno-fast-math -ggdb3 -Wall -Wextra -Wno-unused-parameter -Wno-parentheses -Wno-long-long -Wno-missing-field-initializers -Wunused-variable -Wpointer-arith -Wwrite-strings -Wdeclaration-after-statement -Wimplicit-function-declaration -Wdeprecated-declarations -Wno-packed-bitfield-compat  -fPIC conftest.c  -L/usr/local/pgsql/lib -Wl,-R/usr/local/pgsql/lib -L. -L/opt/ruby-2.2.4/lib -Wl,-R/opt/ruby-2.2.4/lib -L. -fstack-protector -rdynamic -Wl,-export-dynamic    -lpq  -Wl,-R/opt/ruby-2.2.4/lib -L/opt/ruby-2.2.4/lib -lruby -lpq  -lpthread -lrt -lgmp -ldl -lcrypt -lm   -lc"
conftest.c: In function ‘t’:
conftest.c:13: error: ‘PQconninfo’ undeclared (first use in this function)
conftest.c:13: error: (Each undeclared identifier is reported only once
conftest.c:13: error: for each function it appears in.)
checked program was:
/* begin */
 1: #include "ruby.h"
 2: 
 3: /*top*/
 4: extern int t(void);
 5: int main(int argc, char **argv)
 6: {
 7:   if (argc > 1000000) {
 8:     printf("%p", &t);
 9:   }
10: 
11:   return 0;
12: }
13: int t(void) { void ((*volatile p)()); p = (void ((*)()))PQconninfo; return 0; }
/* end */

"gcc -o conftest -I/opt/ruby-2.2.4/include/ruby-2.2.0/x86_64-linux -I/opt/ruby-2.2.4/include/ruby-2.2.0/ruby/backward -I/opt/ruby-2.2.4/include/ruby-2.2.0 -I. -I/usr/local/pgsql/include     -O3 -fno-fast-math -ggdb3 -Wall -Wextra -Wno-unused-parameter -Wno-parentheses -Wno-long-long -Wno-missing-field-initializers -Wunused-variable -Wpointer-arith -Wwrite-strings -Wdeclaration-after-statement -Wimplicit-function-declaration -Wdeprecated-declarations -Wno-packed-bitfield-compat  -fPIC conftest.c  -L/usr/local/pgsql/lib -Wl,-R/usr/local/pgsql/lib -L. -L/opt/ruby-2.2.4/lib -Wl,-R/opt/ruby-2.2.4/lib -L. -fstack-protector -rdynamic -Wl,-export-dynamic    -lpq  -Wl,-R/opt/ruby-2.2.4/lib -L/opt/ruby-2.2.4/lib -lruby -lpq  -lpthread -lrt -lgmp -ldl -lcrypt -lm   -lc"
conftest.c: In function ‘t’:
conftest.c:13: warning: implicit declaration of function ‘PQconninfo’
checked program was:
/* begin */
 1: #include "ruby.h"
 2: 
 3: /*top*/
 4: extern int t(void);
 5: int main(int argc, char **argv)
 6: {
 7:   if (argc > 1000000) {
 8:     printf("%p", &t);
 9:   }
10: 
11:   return 0;
12: }
13: int t(void) { PQconninfo(); return 0; }
/* end */

--------------------

have_func: checking for PQsslAttribute()... -------------------- no

"gcc -o conftest -I/opt/ruby-2.2.4/include/ruby-2.2.0/x86_64-linux -I/opt/ruby-2.2.4/include/ruby-2.2.0/ruby/backward -I/opt/ruby-2.2.4/include/ruby-2.2.0 -I. -I/usr/local/pgsql/include     -O3 -fno-fast-math -ggdb3 -Wall -Wextra -Wno-unused-parameter -Wno-parentheses -Wno-long-long -Wno-missing-field-initializers -Wunused-variable -Wpointer-arith -Wwrite-strings -Wdeclaration-after-statement -Wimplicit-function-declaration -Wdeprecated-declarations -Wno-packed-bitfield-compat  -fPIC conftest.c  -L/usr/local/pgsql/lib -Wl,-R/usr/local/pgsql/lib -L. -L/opt/ruby-2.2.4/lib -Wl,-R/opt/ruby-2.2.4/lib -L. -fstack-protector -rdynamic -Wl,-export-dynamic    -lpq  -Wl,-R/opt/ruby-2.2.4/lib -L/opt/ruby-2.2.4/lib -lruby -lpq  -lpthread -lrt -lgmp -ldl -lcrypt -lm   -lc"
conftest.c: In function ‘t’:
conftest.c:13: error: ‘PQsslAttribute’ undeclared (first use in this function)
conftest.c:13: error: (Each undeclared identifier is reported only once
conftest.c:13: error: for each function it appears in.)
checked program was:
/* begin */
 1: #include "ruby.h"
 2: 
 3: /*top*/
 4: extern int t(void);
 5: int main(int argc, char **argv)
 6: {
 7:   if (argc > 1000000) {
 8:     printf("%p", &t);
 9:   }
10: 
11:   return 0;
12: }
13: int t(void) { void ((*volatile p)()); p = (void ((*)()))PQsslAttribute; return 0; }
/* end */

"gcc -o conftest -I/opt/ruby-2.2.4/include/ruby-2.2.0/x86_64-linux -I/opt/ruby-2.2.4/include/ruby-2.2.0/ruby/backward -I/opt/ruby-2.2.4/include/ruby-2.2.0 -I. -I/usr/local/pgsql/include     -O3 -fno-fast-math -ggdb3 -Wall -Wextra -Wno-unused-parameter -Wno-parentheses -Wno-long-long -Wno-missing-field-initializers -Wunused-variable -Wpointer-arith -Wwrite-strings -Wdeclaration-after-statement -Wimplicit-function-declaration -Wdeprecated-declarations -Wno-packed-bitfield-compat  -fPIC conftest.c  -L/usr/local/pgsql/lib -Wl,-R/usr/local/pgsql/lib -L. -L/opt/ruby-2.2.4/lib -Wl,-R/opt/ruby-2.2.4/lib -L. -fstack-protector -rdynamic -Wl,-export-dynamic    -lpq  -Wl,-R/opt/ruby-2.2.4/lib -L/opt/ruby-2.2.4/lib -lruby -lpq  -lpthread -lrt -lgmp -ldl -lcrypt -lm   -lc"
conftest.c: In function ‘t’:
conftest.c:13: warning: implicit declaration of function ‘PQsslAttribute’
/tmp/ccXQGSAY.o: In function `t':
/home/forumprog/apps_rails/pasforum/vendor/bundle/ruby/2.2.0/gems/pg-1.0.0/ext/conftest.c:13: undefined reference to `PQsslAttribute'
collect2: ld returned 1 exit status
checked program was:
/* begin */
 1: #include "ruby.h"
 2: 
 3: /*top*/
 4: extern int t(void);
 5: int main(int argc, char **argv)
 6: {
 7:   if (argc > 1000000) {
 8:     printf("%p", &t);
 9:   }
10: 
11:   return 0;
12: }
13: int t(void) { PQsslAttribute(); return 0; }
/* end */

--------------------

have_func: checking for PQencryptPasswordConn()... -------------------- no

"gcc -o conftest -I/opt/ruby-2.2.4/include/ruby-2.2.0/x86_64-linux -I/opt/ruby-2.2.4/include/ruby-2.2.0/ruby/backward -I/opt/ruby-2.2.4/include/ruby-2.2.0 -I. -I/usr/local/pgsql/include     -O3 -fno-fast-math -ggdb3 -Wall -Wextra -Wno-unused-parameter -Wno-parentheses -Wno-long-long -Wno-missing-field-initializers -Wunused-variable -Wpointer-arith -Wwrite-strings -Wdeclaration-after-statement -Wimplicit-function-declaration -Wdeprecated-declarations -Wno-packed-bitfield-compat  -fPIC conftest.c  -L/usr/local/pgsql/lib -Wl,-R/usr/local/pgsql/lib -L. -L/opt/ruby-2.2.4/lib -Wl,-R/opt/ruby-2.2.4/lib -L. -fstack-protector -rdynamic -Wl,-export-dynamic    -lpq  -Wl,-R/opt/ruby-2.2.4/lib -L/opt/ruby-2.2.4/lib -lruby -lpq  -lpthread -lrt -lgmp -ldl -lcrypt -lm   -lc"
conftest.c: In function ‘t’:
conftest.c:13: error: ‘PQencryptPasswordConn’ undeclared (first use in this function)
conftest.c:13: error: (Each undeclared identifier is reported only once
conftest.c:13: error: for each function it appears in.)
checked program was:
/* begin */
 1: #include "ruby.h"
 2: 
 3: /*top*/
 4: extern int t(void);
 5: int main(int argc, char **argv)
 6: {
 7:   if (argc > 1000000) {
 8:     printf("%p", &t);
 9:   }
10: 
11:   return 0;
12: }
13: int t(void) { void ((*volatile p)()); p = (void ((*)()))PQencryptPasswordConn; return 0; }
/* end */

"gcc -o conftest -I/opt/ruby-2.2.4/include/ruby-2.2.0/x86_64-linux -I/opt/ruby-2.2.4/include/ruby-2.2.0/ruby/backward -I/opt/ruby-2.2.4/include/ruby-2.2.0 -I. -I/usr/local/pgsql/include     -O3 -fno-fast-math -ggdb3 -Wall -Wextra -Wno-unused-parameter -Wno-parentheses -Wno-long-long -Wno-missing-field-initializers -Wunused-variable -Wpointer-arith -Wwrite-strings -Wdeclaration-after-statement -Wimplicit-function-declaration -Wdeprecated-declarations -Wno-packed-bitfield-compat  -fPIC conftest.c  -L/usr/local/pgsql/lib -Wl,-R/usr/local/pgsql/lib -L. -L/opt/ruby-2.2.4/lib -Wl,-R/opt/ruby-2.2.4/lib -L. -fstack-protector -rdynamic -Wl,-export-dynamic    -lpq  -Wl,-R/opt/ruby-2.2.4/lib -L/opt/ruby-2.2.4/lib -lruby -lpq  -lpthread -lrt -lgmp -ldl -lcrypt -lm   -lc"
conftest.c: In function ‘t’:
conftest.c:13: warning: implicit declaration of function ‘PQencryptPasswordConn’
/tmp/ccTb6x95.o: In function `t':
/home/forumprog/apps_rails/pasforum/vendor/bundle/ruby/2.2.0/gems/pg-1.0.0/ext/conftest.c:13: undefined reference to `PQencryptPasswordConn'
collect2: ld returned 1 exit status
checked program was:
/* begin */
 1: #include "ruby.h"
 2: 
 3: /*top*/
 4: extern int t(void);
 5: int main(int argc, char **argv)
 6: {
 7:   if (argc > 1000000) {
 8:     printf("%p", &t);
 9:   }
10: 
11:   return 0;
12: }
13: int t(void) { PQencryptPasswordConn(); return 0; }
/* end */

--------------------

have_const: checking for PG_DIAG_TABLE_NAME in libpq-fe.h... -------------------- yes

"gcc -I/opt/ruby-2.2.4/include/ruby-2.2.0/x86_64-linux -I/opt/ruby-2.2.4/include/ruby-2.2.0/ruby/backward -I/opt/ruby-2.2.4/include/ruby-2.2.0 -I. -I/usr/local/pgsql/include     -O3 -fno-fast-math -ggdb3 -Wall -Wextra -Wno-unused-parameter -Wno-parentheses -Wno-long-long -Wno-missing-field-initializers -Wunused-variable -Wpointer-arith -Wwrite-strings -Wdeclaration-after-statement -Wimplicit-function-declaration -Wdeprecated-declarations -Wno-packed-bitfield-compat  -fPIC   -c conftest.c"
checked program was:
/* begin */
1: #include "ruby.h"
2: 
3: #include <libpq-fe.h>
4: 
5: /*top*/
6: typedef int conftest_type;
7: conftest_type conftestval = (int)PG_DIAG_TABLE_NAME;
/* end */

--------------------

have_header: checking for unistd.h... -------------------- yes

"gcc -E -I/opt/ruby-2.2.4/include/ruby-2.2.0/x86_64-linux -I/opt/ruby-2.2.4/include/ruby-2.2.0/ruby/backward -I/opt/ruby-2.2.4/include/ruby-2.2.0 -I. -I/usr/local/pgsql/include     -O3 -fno-fast-math -ggdb3 -Wall -Wextra -Wno-unused-parameter -Wno-parentheses -Wno-long-long -Wno-missing-field-initializers -Wunused-variable -Wpointer-arith -Wwrite-strings -Wdeclaration-after-statement -Wimplicit-function-declaration -Wdeprecated-declarations -Wno-packed-bitfield-compat  -fPIC  conftest.c -o conftest.i"
checked program was:
/* begin */
1: #include "ruby.h"
2: 
3: #include <unistd.h>
/* end */

--------------------

have_header: checking for inttypes.h... -------------------- yes

"gcc -E -I/opt/ruby-2.2.4/include/ruby-2.2.0/x86_64-linux -I/opt/ruby-2.2.4/include/ruby-2.2.0/ruby/backward -I/opt/ruby-2.2.4/include/ruby-2.2.0 -I. -I/usr/local/pgsql/include     -O3 -fno-fast-math -ggdb3 -Wall -Wextra -Wno-unused-parameter -Wno-parentheses -Wno-long-long -Wno-missing-field-initializers -Wunused-variable -Wpointer-arith -Wwrite-strings -Wdeclaration-after-statement -Wimplicit-function-declaration -Wdeprecated-declarations -Wno-packed-bitfield-compat  -fPIC  conftest.c -o conftest.i"
checked program was:
/* begin */
1: #include "ruby.h"
2: 
3: #include <inttypes.h>
/* end */

--------------------

checking for C99 variable length arrays... -------------------- yes

"gcc -I/opt/ruby-2.2.4/include/ruby-2.2.0/x86_64-linux -I/opt/ruby-2.2.4/include/ruby-2.2.0/ruby/backward -I/opt/ruby-2.2.4/include/ruby-2.2.0 -I. -I/usr/local/pgsql/include     -O3 -fno-fast-math -ggdb3 -Wall -Wextra -Wno-unused-parameter -Wno-parentheses -Wno-long-long -Wno-missing-field-initializers -Wunused-variable -Wpointer-arith -Wwrite-strings -Wdeclaration-after-statement -Wimplicit-function-declaration -Wdeprecated-declarations -Wno-packed-bitfield-compat  -fPIC   -c conftest.c"
conftest.c: In function ‘test_vla’:
conftest.c:3: warning: unused variable ‘vla’
checked program was:
/* begin */
1: #include "ruby.h"
2: 
3: void test_vla(int l){ int vla[l]; }
/* end */

--------------------

extconf.h is:
/* begin */
1: #ifndef EXTCONF_H
2: #define EXTCONF_H
3: #define HAVE_PQSETSINGLEROWMODE 1
4: #define HAVE_PQCONNINFO 1
5: #define HAVE_CONST_PG_DIAG_TABLE_NAME 1
6: #define HAVE_UNISTD_H 1
7: #define HAVE_INTTYPES_H 1
8: #define HAVE_VARIABLE_LENGTH_ARRAYS 1
9: #endif
/* end */

